<?xml version="1.0" encoding="UTF-8"?>
<!-- Generated by org.testng.reporters.JUnitReportReporter -->
<testsuite skipped="0" hostname="Win-PC" name="testleaf.Login" tests="1" failures="0" timestamp="19 Oct 2020 09:00:52 GMT" time="42.316" errors="0">
  <testcase name="login" time="42.316" classname="testleaf.Login"/>
</testsuite> <!-- testleaf.Login -->
