<?xml version="1.0" encoding="UTF-8"?>
<!-- Generated by org.testng.reporters.JUnitReportReporter -->
<testsuite skipped="0" hostname="Win-PC" name="testleaf.Login" tests="1" failures="0" timestamp="24 Oct 2020 04:44:36 GMT" time="53.420" errors="0">
  <testcase name="login" time="53.420" classname="testleaf.Login"/>
</testsuite> <!-- testleaf.Login -->
